# Ring program initializing 2020-03-29 22:02:05
> Amplifier switch-on delay 2s 
> Relay pin 14 used for output 
- Validating Date information in '/home/pp/git/piring/ringdates' 
- Validating Time information in '/home/pp/git/piring/ringtimes' 
> Ringtone 0: ringbell.wav 
> Alarm button 2: ringfire-full.wav 
> Alarm button 3: ringlockdown-full.wav 
> Alarm button 4: ringearthquake-full.wav 
> No-Bells dates: 2020-03-29 2020-03-30 2020-03-31 2020-04-01 2020-04-02 
2020-04-03 2020-04-04 2020-04-05 2020-04-06 2020-04-07 2020-04-08 2020-04-09 
2020-04-10 2020-04-11 2020-04-12 2020-04-13 2020-04-14 2020-04-15 2020-04-16 
2020-04-17 2020-04-18 2020-04-19 2020-04-20 2020-04-21 2020-04-22 2020-04-23 
2020-04-24 2020-04-25 2020-04-26 2020-04-27 2020-04-28 2020-04-29 2020-04-30 
2020-05-01 2020-05-02 2020-05-03 2020-05-04 2020-05-05 2020-05-06 2020-05-07 
2020-05-08 2020-05-09 2020-05-10 2020-05-11 2020-05-12 2020-05-13 2020-05-14 
2020-05-15 2020-05-16 2020-05-17 2020-05-18 2020-05-19 2020-05-20 2020-05-21 
2020-05-22 2020-05-23 2020-05-24 2020-05-25 2020-05-26 2020-05-27 2020-05-28 
2020-05-29 2020-05-30 2020-05-31 2020-06-01 2020-06-02 2020-06-03 2020-06-04 
2020-06-05 2020-06-06 2020-06-07 2020-06-08 2020-06-09 2020-06-10 2020-06-11 
2020-06-12 2020-06-13 2020-06-14 2020-06-15 2020-06-16 2020-06-17 2020-06-18 
2020-06-19 2020-06-20 2020-06-21 2020-06-22 2020-06-23 2020-06-24 2020-06-25 
2020-06-26 2020-06-27 2020-06-28 2020-06-29 2020-06-30 2020-07-01 2020-07-02 
2020-07-03 2020-07-04 2020-07-05 2020-07-06 2020-07-07 2020-07-08 2020-07-09 
2020-07-10 2020-07-11 2020-07-12 2020-07-13 2020-07-14 2020-07-15 2020-07-16 
2020-07-17 2020-07-18 2020-07-19 2020-07-20 2020-07-21 2020-07-22 2020-07-23 
2020-07-24 2020-07-25 2020-07-26 2020-07-27 2020-07-28 2020-07-29 2020-07-30 
2020-07-31 2020-08-01 2020-08-02 2020-08-03 2020-08-04 2020-08-05 2020-08-06 
2020-08-07 2020-08-08 2020-08-09 2020-08-10 2020-08-11 2020-08-12 2020-08-13 
2020-08-14 2020-08-15 2020-08-16 2020-08-17 2020-08-18 2020-08-19 2020-08-20 
2020-08-21 2020-08-22 2020-08-23 2020-08-24 2020-08-25 2020-08-26 2020-10-15 
2021-01-15 2021-03-23 2021-05-31 
> Normal schedule: 07:56 08:00 08:55 08:59 09:54 10:00 10:04 10:10 10:59 11:03 
11:58 12:40 12:44 13:39 13:43 14:38 14:42 15:37 
> All input files are valid 
* Essential package 'wiringpi' (program 'gpio') not installed 
> Touchscreen ready 
# Ring program starting 2020-03-29 22:02:05
> 2020-03-29 No-Bells day 
- Amplifier on 2020-03-29 22:02:11
- ALARM 4: ringearthquake-full.wav 2020-03-29 22:02:13
* Interrupted sound from process 15737 
- Amplifier off 2020-03-29 22:02:14
- Amplifier on 2020-03-29 22:02:18
- Announcement:  2020-03-29 22:02:20
- Amplifier off 2020-03-29 22:02:20
# Ring program initializing 2020-03-29 22:03:00
> Amplifier switch-on delay 2s 
> Relay pin 14 used for output 
- Validating Date information in '/home/pp/git/piring/ringdates' 
- Validating Time information in '/home/pp/git/piring/ringtimes' 
> Ringtone 0: ringbell.wav 
> Alarm button 2: ringfire-full.wav 
> Alarm button 3: ringlockdown-full.wav 
> Alarm button 4: ringearthquake-full.wav 
> No-Bells dates: 2020-03-29 2020-03-30 2020-03-31 2020-04-01 2020-04-02 
2020-04-03 2020-04-04 2020-04-05 2020-04-06 2020-04-07 2020-04-08 2020-04-09 
2020-04-10 2020-04-11 2020-04-12 2020-04-13 2020-04-14 2020-04-15 2020-04-16 
2020-04-17 2020-04-18 2020-04-19 2020-04-20 2020-04-21 2020-04-22 2020-04-23 
2020-04-24 2020-04-25 2020-04-26 2020-04-27 2020-04-28 2020-04-29 2020-04-30 
2020-05-01 2020-05-02 2020-05-03 2020-05-04 2020-05-05 2020-05-06 2020-05-07 
2020-05-08 2020-05-09 2020-05-10 2020-05-11 2020-05-12 2020-05-13 2020-05-14 
2020-05-15 2020-05-16 2020-05-17 2020-05-18 2020-05-19 2020-05-20 2020-05-21 
2020-05-22 2020-05-23 2020-05-24 2020-05-25 2020-05-26 2020-05-27 2020-05-28 
2020-05-29 2020-05-30 2020-05-31 2020-06-01 2020-06-02 2020-06-03 2020-06-04 
2020-06-05 2020-06-06 2020-06-07 2020-06-08 2020-06-09 2020-06-10 2020-06-11 
2020-06-12 2020-06-13 2020-06-14 2020-06-15 2020-06-16 2020-06-17 2020-06-18 
2020-06-19 2020-06-20 2020-06-21 2020-06-22 2020-06-23 2020-06-24 2020-06-25 
2020-06-26 2020-06-27 2020-06-28 2020-06-29 2020-06-30 2020-07-01 2020-07-02 
2020-07-03 2020-07-04 2020-07-05 2020-07-06 2020-07-07 2020-07-08 2020-07-09 
2020-07-10 2020-07-11 2020-07-12 2020-07-13 2020-07-14 2020-07-15 2020-07-16 
2020-07-17 2020-07-18 2020-07-19 2020-07-20 2020-07-21 2020-07-22 2020-07-23 
2020-07-24 2020-07-25 2020-07-26 2020-07-27 2020-07-28 2020-07-29 2020-07-30 
2020-07-31 2020-08-01 2020-08-02 2020-08-03 2020-08-04 2020-08-05 2020-08-06 
2020-08-07 2020-08-08 2020-08-09 2020-08-10 2020-08-11 2020-08-12 2020-08-13 
2020-08-14 2020-08-15 2020-08-16 2020-08-17 2020-08-18 2020-08-19 2020-08-20 
2020-08-21 2020-08-22 2020-08-23 2020-08-24 2020-08-25 2020-08-26 2020-10-15 
2021-01-15 2021-03-23 2021-05-31 
> Normal schedule: 07:56 08:00 08:55 08:59 09:54 10:00 10:04 10:10 10:59 11:03 
11:58 12:40 12:44 13:39 13:43 14:38 14:42 15:37 
> All input files are valid 
* Essential package 'wiringpi' (program 'gpio') not installed 
> Touchscreen ready 
# Ring program starting 2020-03-29 22:03:00
> 2020-03-29 No-Bells day 
